#-----------------------------------------------------------
# Vivado v2018.2 (64-bit)
# SW Build 2258646 on Thu Jun 14 20:03:12 MDT 2018
# IP Build 2256618 on Thu Jun 14 22:10:49 MDT 2018
# Start of session at: Mon Dec 23 10:52:46 2019
# Process ID: 2952
# Current directory: D:/change_sola/sola/sola/isa_controller_0828_timeout
# Command line: vivado.exe -gui_launcher_event rodinguilauncherevent6976 D:\change_sola\sola\sola\isa_controller_0828_timeout\isa_controller_0828_timeout.xpr
# Log file: D:/change_sola/sola/sola/isa_controller_0828_timeout/vivado.log
# Journal file: D:/change_sola/sola/sola/isa_controller_0828_timeout\vivado.jou
#-----------------------------------------------------------
start_gui
open_project D:/change_sola/sola/sola/isa_controller_0828_timeout/isa_controller_0828_timeout.xpr
INFO: [Project 1-313] Project file moved from 'K:/sola/isa_controller_0828_timeout' since last save.
Scanning sources...
Finished scanning sources
INFO: [IP_Flow 19-234] Refreshing IP repositories
INFO: [IP_Flow 19-1700] Loaded user IP repository 'd:/change_sola/sola/sola/isa_controller_0828_timeout/isa_controller_0828_timeout.srcs'.
INFO: [IP_Flow 19-2313] Loaded Vivado IP repository 'D:/XILINX/Vivado/2018.2/data/ip'.
open_project: Time (s): cpu = 00:00:10 ; elapsed = 00:00:06 . Memory (MB): peak = 811.168 ; gain = 87.777
update_compile_order -fileset sources_1
ipx::open_ipxact_file D:/change_sola/sola/sola/isa_controller_0828_timeout/isa_controller_0828_timeout.srcs/component.xml
WARNING: [IP_Flow 19-5226] Project source file 'd:/change_sola/sola/sola/isa_controller_0828_timeout/isa_controller_0828_timeout.srcs/component.xml' ignored by IP packager.
set_property core_revision 7 [ipx::current_core]
ipx::create_xgui_files [ipx::current_core]
ipx::update_checksums [ipx::current_core]
ipx::save_core [ipx::current_core]
update_ip_catalog -rebuild -repo_path d:/change_sola/sola/sola/isa_controller_0828_timeout/isa_controller_0828_timeout.srcs
INFO: [IP_Flow 19-725] Reloaded user IP repository 'd:/change_sola/sola/sola/isa_controller_0828_timeout/isa_controller_0828_timeout.srcs'
set_property core_revision 8 [ipx::current_core]
ipx::create_xgui_files [ipx::current_core]
ipx::update_checksums [ipx::current_core]
ipx::save_core [ipx::current_core]
update_ip_catalog -rebuild -repo_path d:/change_sola/sola/sola/isa_controller_0828_timeout/isa_controller_0828_timeout.srcs
INFO: [IP_Flow 19-725] Reloaded user IP repository 'd:/change_sola/sola/sola/isa_controller_0828_timeout/isa_controller_0828_timeout.srcs'
ipx::unload_core d:/change_sola/sola/sola/isa_controller_0828_timeout/isa_controller_0828_timeout.srcs/component.xml
exit
INFO: [Common 17-206] Exiting Vivado at Mon Dec 23 18:22:49 2019...
