#-----------------------------------------------------------
# Vivado v2018.2 (64-bit)
# SW Build 2258646 on Thu Jun 14 20:03:12 MDT 2018
# IP Build 2256618 on Thu Jun 14 22:10:49 MDT 2018
# Start of session at: Mon Dec 23 19:13:07 2019
# Process ID: 10592
# Current directory: D:/change_sola/sola/sola/isa_controller_0828_timeout
# Command line: vivado.exe -gui_launcher_event rodinguilauncherevent3180 D:\change_sola\sola\sola\isa_controller_0828_timeout\isa_controller_0828_timeout.xpr
# Log file: D:/change_sola/sola/sola/isa_controller_0828_timeout/vivado.log
# Journal file: D:/change_sola/sola/sola/isa_controller_0828_timeout\vivado.jou
#-----------------------------------------------------------
start_gui
open_project D:/change_sola/sola/sola/isa_controller_0828_timeout/isa_controller_0828_timeout.xpr
INFO: [Project 1-313] Project file moved from 'K:/sola/isa_controller_0828_timeout' since last save.
Scanning sources...
Finished scanning sources
INFO: [IP_Flow 19-234] Refreshing IP repositories
INFO: [IP_Flow 19-1700] Loaded user IP repository 'd:/change_sola/sola/sola/isa_controller_0828_timeout/isa_controller_0828_timeout.srcs'.
INFO: [IP_Flow 19-2313] Loaded Vivado IP repository 'D:/XILINX/Vivado/2018.2/data/ip'.
open_project: Time (s): cpu = 00:00:10 ; elapsed = 00:00:06 . Memory (MB): peak = 790.953 ; gain = 94.691
update_compile_order -fileset sources_1
exit
INFO: [Common 17-206] Exiting Vivado at Tue Dec 24 11:04:02 2019...
